<?xml version="1.0" encoding="UTF-8"?>
<!-- Generated by org.testng.reporters.JUnitXMLReporter -->
<testsuite ignored="0" hostname="PradikshSoman" failures="0" tests="3" name="TestName" time="8.791" errors="0" timestamp="2026-07-09T11:36:58 IST">
  <testcase classname="com.testautomation.apitesting.tests.EndToEndAPITest" name="End2EndApiRequest3" time="0.033"/>
  <testcase classname="com.testautomation.apitesting.tests.EndToEndAPITest" name="End2EndApiRequest2" time="0.032"/>
  <testcase classname="com.testautomation.apitesting.tests.EndToEndAPITest" name="End2EndApiRequest" time="8.425"/>
</testsuite> <!-- TestName -->
