<?xml version="1.0" encoding="UTF-8"?>
<testng-results ignored="0" total="1" passed="1" failed="0" skipped="0">
  <reporter-output>
  </reporter-output>
  <suite started-at="2026-07-09T10:34:08 IST" name="Suite1" finished-at="2026-07-09T10:34:21 IST" duration-ms="12355">
    <groups>
    </groups>
    <test started-at="2026-07-09T10:34:08 IST" name="TestName" finished-at="2026-07-09T10:34:21 IST" duration-ms="12355">
      <class name="com.testautomation.apitesting.tests.EndToEndAPITest">
        <test-method is-config="true" signature="beforeMethod()[pri:0, instance:com.testautomation.apitesting.tests.EndToEndAPITest@2f1de2d6]" started-at="2026-07-09T10:34:08 IST" name="beforeMethod" finished-at="2026-07-09T10:34:09 IST" duration-ms="478" status="PASS">
          <reporter-output>
          </reporter-output>
        </test-method> <!-- beforeMethod -->
        <test-method signature="End2EndApiRequest()[pri:0, instance:com.testautomation.apitesting.tests.EndToEndAPITest@2f1de2d6]" started-at="2026-07-09T10:34:09 IST" name="End2EndApiRequest" finished-at="2026-07-09T10:34:21 IST" duration-ms="11695" status="PASS">
          <reporter-output>
          </reporter-output>
        </test-method> <!-- End2EndApiRequest -->
        <test-method is-config="true" signature="afterMethod(org.testng.ITestResult)[pri:0, instance:com.testautomation.apitesting.tests.EndToEndAPITest@2f1de2d6]" started-at="2026-07-09T10:34:21 IST" name="afterMethod" finished-at="2026-07-09T10:34:21 IST" duration-ms="11" status="PASS">
          <params>
            <param index="0">
              <value>
                <![CDATA[[TestResult name=End2EndApiRequest status=SUCCESS method=EndToEndAPITest.End2EndApiRequest()[pri:0, instance:com.testautomation.apitesting.tests.EndToEndAPITest@2f1de2d6] output={null}]]]>
              </value>
            </param>
          </params>
          <reporter-output>
          </reporter-output>
        </test-method> <!-- afterMethod -->
      </class> <!-- com.testautomation.apitesting.tests.EndToEndAPITest -->
    </test> <!-- TestName -->
  </suite> <!-- Suite1 -->
</testng-results>
