<?xml version="1.0" encoding="UTF-8"?>
<testng-results ignored="0" total="3" passed="3" failed="0" skipped="0">
  <reporter-output>
  </reporter-output>
  <suite started-at="2026-07-09T11:36:49 IST" name="Suite1" finished-at="2026-07-09T11:36:58 IST" duration-ms="8791">
    <groups>
    </groups>
    <test started-at="2026-07-09T11:36:49 IST" name="TestName" finished-at="2026-07-09T11:36:58 IST" duration-ms="8791">
      <class name="com.testautomation.apitesting.tests.EndToEndAPITest">
        <test-method is-config="true" signature="beforeMethod()[pri:0, instance:com.testautomation.apitesting.tests.EndToEndAPITest@51c929ae]" started-at="2026-07-09T11:36:49 IST" name="beforeMethod" finished-at="2026-07-09T11:36:49 IST" duration-ms="260" status="PASS">
          <reporter-output>
          </reporter-output>
        </test-method> <!-- beforeMethod -->
        <test-method is-config="true" signature="beforeMethod()[pri:0, instance:com.testautomation.apitesting.tests.EndToEndAPITest@51c929ae]" started-at="2026-07-09T11:36:49 IST" name="beforeMethod" finished-at="2026-07-09T11:36:49 IST" duration-ms="260" status="PASS">
          <reporter-output>
          </reporter-output>
        </test-method> <!-- beforeMethod -->
        <test-method is-config="true" signature="beforeMethod()[pri:0, instance:com.testautomation.apitesting.tests.EndToEndAPITest@51c929ae]" started-at="2026-07-09T11:36:49 IST" name="beforeMethod" finished-at="2026-07-09T11:36:49 IST" duration-ms="260" status="PASS">
          <reporter-output>
          </reporter-output>
        </test-method> <!-- beforeMethod -->
        <test-method signature="End2EndApiRequest3()[pri:0, instance:com.testautomation.apitesting.tests.EndToEndAPITest@51c929ae]" started-at="2026-07-09T11:36:49 IST" name="End2EndApiRequest3" finished-at="2026-07-09T11:36:49 IST" duration-ms="33" status="PASS">
          <reporter-output>
          </reporter-output>
        </test-method> <!-- End2EndApiRequest3 -->
        <test-method signature="End2EndApiRequest2()[pri:0, instance:com.testautomation.apitesting.tests.EndToEndAPITest@51c929ae]" started-at="2026-07-09T11:36:49 IST" name="End2EndApiRequest2" finished-at="2026-07-09T11:36:49 IST" duration-ms="32" status="PASS">
          <reporter-output>
          </reporter-output>
        </test-method> <!-- End2EndApiRequest2 -->
        <test-method signature="End2EndApiRequest()[pri:0, instance:com.testautomation.apitesting.tests.EndToEndAPITest@51c929ae]" started-at="2026-07-09T11:36:49 IST" name="End2EndApiRequest" finished-at="2026-07-09T11:36:58 IST" duration-ms="8425" status="PASS">
          <reporter-output>
          </reporter-output>
        </test-method> <!-- End2EndApiRequest -->
        <test-method is-config="true" signature="afterMethod(org.testng.ITestResult)[pri:0, instance:com.testautomation.apitesting.tests.EndToEndAPITest@51c929ae]" started-at="2026-07-09T11:36:49 IST" name="afterMethod" finished-at="2026-07-09T11:36:49 IST" duration-ms="3" status="PASS">
          <params>
            <param index="0">
              <value>
                <![CDATA[[TestResult name=End2EndApiRequest2 status=SUCCESS method=EndToEndAPITest.End2EndApiRequest2()[pri:0, instance:com.testautomation.apitesting.tests.EndToEndAPITest@51c929ae] output={null}]]]>
              </value>
            </param>
          </params>
          <reporter-output>
          </reporter-output>
        </test-method> <!-- afterMethod -->
        <test-method is-config="true" signature="afterMethod(org.testng.ITestResult)[pri:0, instance:com.testautomation.apitesting.tests.EndToEndAPITest@51c929ae]" started-at="2026-07-09T11:36:49 IST" name="afterMethod" finished-at="2026-07-09T11:36:49 IST" duration-ms="3" status="PASS">
          <params>
            <param index="0">
              <value>
                <![CDATA[[TestResult name=End2EndApiRequest3 status=SUCCESS method=EndToEndAPITest.End2EndApiRequest3()[pri:0, instance:com.testautomation.apitesting.tests.EndToEndAPITest@51c929ae] output={null}]]]>
              </value>
            </param>
          </params>
          <reporter-output>
          </reporter-output>
        </test-method> <!-- afterMethod -->
        <test-method is-config="true" signature="afterMethod(org.testng.ITestResult)[pri:0, instance:com.testautomation.apitesting.tests.EndToEndAPITest@51c929ae]" started-at="2026-07-09T11:36:58 IST" name="afterMethod" finished-at="2026-07-09T11:36:58 IST" duration-ms="1" status="PASS">
          <params>
            <param index="0">
              <value>
                <![CDATA[[TestResult name=End2EndApiRequest status=SUCCESS method=EndToEndAPITest.End2EndApiRequest()[pri:0, instance:com.testautomation.apitesting.tests.EndToEndAPITest@51c929ae] output={null}]]]>
              </value>
            </param>
          </params>
          <reporter-output>
          </reporter-output>
        </test-method> <!-- afterMethod -->
      </class> <!-- com.testautomation.apitesting.tests.EndToEndAPITest -->
    </test> <!-- TestName -->
  </suite> <!-- Suite1 -->
</testng-results>
