<?xml version="1.0" encoding="UTF-8"?>
<!-- Generated by org.testng.reporters.JUnitReportReporter -->
<testsuite hostname="PradikshSoman" failures="0" tests="3" name="com.testautomation.apitesting.tests.EndToEndAPITest" time="9.277" errors="0" timestamp="2026-07-09T11:36:58 IST" skipped="0">
  <testcase classname="com.testautomation.apitesting.tests.EndToEndAPITest" name="End2EndApiRequest3" time="0.294"/>
  <testcase classname="com.testautomation.apitesting.tests.EndToEndAPITest" name="End2EndApiRequest2" time="0.295"/>
  <testcase classname="com.testautomation.apitesting.tests.EndToEndAPITest" name="End2EndApiRequest" time="8.688"/>
</testsuite> <!-- com.testautomation.apitesting.tests.EndToEndAPITest -->
